<?xml version="1.0" encoding="UTF-8"?>
<!-- Generated by org.testng.reporters.JUnitReportReporter -->
<testsuite skipped="0" hostname="LAPTOP-IG1JKIT8" name="pages.TestScript05" tests="4" failures="0" timestamp="2021-02-22T17:58:59 CST" time="36.719" errors="0">
  <testcase name="testCase05" time="10.058" classname="pages.TestScript05"/>
  <system-out/>
  <testcase name="testCase05" time="9.181" classname="pages.TestScript05"/>
  <system-out/>
  <testcase name="testCase05" time="8.665" classname="pages.TestScript05"/>
  <system-out/>
  <testcase name="testCase05" time="8.815" classname="pages.TestScript05"/>
  <system-out/>
</testsuite> <!-- pages.TestScript05 -->
