<?xml version="1.0" encoding="UTF-8"?>
<!-- Generated by org.testng.reporters.JUnitReportReporter -->
<testsuite skipped="0" hostname="LAPTOP-IG1JKIT8" name="pages.LoginPage" tests="4" failures="0" timestamp="2021-02-19T17:53:19 CST" time="11.626" errors="0">
  <testcase name="openApplication" time="1.726" classname="pages.LoginPage"/>
  <system-out/>
  <testcase name="webSiteLogin" time="2.994" classname="pages.LoginPage"/>
  <system-out/>
  <testcase name="launchBrowser" time="6.893" classname="pages.LoginPage"/>
  <system-out/>
  <testcase name="closeDriver" time="0.013" classname="pages.LoginPage"/>
  <system-out/>
</testsuite> <!-- pages.LoginPage -->
